<?xml version="1.0" encoding="UTF-8"?>
<!-- Generated by org.testng.reporters.JUnitReportReporter -->
<testsuite skipped="0" hostname="BOLD-VISHALM" name="com.bold.RestAssuredLearning.Rough.TestApi" tests="1" failures="0" timestamp="19 Nov 2018 11:17:42 GMT" time="3.162" errors="0">
  <testcase name="verifyCreateACustomer" time="3.162" classname="com.bold.RestAssuredLearning.Rough.TestApi"/>
</testsuite> <!-- com.bold.RestAssuredLearning.Rough.TestApi -->
